19:54:26.266 [main                     ] DEBUG Logger               - Configured Logger
19:54:26.278 [main                     ] DEBUG GameApplication      - Logging settings
Title: El pepe
Version: 0.0
Width: 800
Height: 600
Fullscreen: false
Intro: false
Profiling: false
Single step:false
App Mode: DEVELOPER
Menu Key: ESCAPE
Stage Style: DECORATED
Scene Factory: class com.almasb.fxgl.app.scene.SceneFactory

19:54:26.845 [JavaFX Application Thread] DEBUG FXGLApplication      - Initializing FXGL
19:54:26.849 [JavaFX Application Thread] INFO  Engine               - FXGL-21.1 (27.03.2024 07.52) on WINDOWS (J:24.0.2 FX:21.0.1)
19:54:26.849 [JavaFX Application Thread] DEBUG Engine               - JRE Vendor Name: Amazon.com Inc.
19:54:26.849 [JavaFX Application Thread] DEBUG Engine               - Running on OS: Windows 11 version 10.0
19:54:26.850 [JavaFX Application Thread] DEBUG Engine               - Architecture: amd64
19:54:26.850 [JavaFX Application Thread] INFO  Engine               - Source code and latest versions at: https://github.com/AlmasB/FXGL
19:54:26.850 [JavaFX Application Thread] INFO  Engine               -       Ask questions and discuss at: https://github.com/AlmasB/FXGL/discussions
19:54:26.850 [JavaFX Application Thread] INFO  Engine               -              Join the FXGL chat at: https://gitter.im/AlmasB/FXGL
19:54:26.986 [JavaFX Application Thread] DEBUG PrimaryStageWindow   - Creating a JavaFX scene
19:54:27.051 [JavaFX Application Thread] DEBUG PrimaryStageWindow   - Target settings size: 800.0 x 600.0
19:54:27.052 [JavaFX Application Thread] DEBUG PrimaryStageWindow   - Scaled scene size:    800.0 x 600.0
19:54:27.052 [JavaFX Application Thread] DEBUG PrimaryStageWindow   - Scaled ratio: (1.0, 1.0)
19:54:27.054 [JavaFX Application Thread] DEBUG PrimaryStageWindow   - Set initial scene to FXGLStartupScene
19:54:27.060 [JavaFX Application Thread] DEBUG PrimaryStageWindow   - Opening main window
19:54:27.194 [JavaFX Application Thread] DEBUG PrimaryStageWindow   - Window border size: (14.66668701171875, 37.33331298828125)
19:54:27.195 [JavaFX Application Thread] DEBUG PrimaryStageWindow   - Scaled size: 800.0 x 600.0
19:54:27.195 [JavaFX Application Thread] DEBUG PrimaryStageWindow   - Scaled ratio: (1.0, 1.0)
19:54:27.195 [JavaFX Application Thread] DEBUG PrimaryStageWindow   - Scene size: 800.0 x 600.0
19:54:27.195 [JavaFX Application Thread] DEBUG PrimaryStageWindow   - Stage size: 814.6666870117188 x 637.3333129882812
19:54:27.209 [FXGL Background Thread 1 ] DEBUG Engine               - Initializing environment variables
19:54:27.306 [FXGL Background Thread 1 ] DEBUG FXGLAssetLoaderServi - User app class for loading assets: class es.uab.TQS.mazmorra.BasicGameApp
19:54:27.306 [FXGL Background Thread 1 ] DEBUG GameApplicationServi - Applying CSS: fxgl_dark.css
19:54:27.307 [FXGL Background Thread 1 ] DEBUG FXGLAssetLoaderServi - Loading from file system: jar:file:/C:/Users/oscar/.m2/repository/com/github/almasb/fxgl/21.1/fxgl-21.1.jar!/fxglassets/ui/css/fxgl_dark.css
19:54:27.363 [FXGL Background Thread 1 ] DEBUG GameApplicationServi - Initializing application scenes
19:54:27.412 [FXGL Background Thread 1 ] DEBUG GameWorld            - Game world initialized
19:54:27.490 [FXGL Background Thread 1 ] DEBUG PhysicsWorld         - Physics world initialized: appHeight=600, physics.ppm=50,0
19:54:27.490 [FXGL Background Thread 1 ] DEBUG PhysicsWorld         - Using strategy: BRUTE_FORCE
19:54:27.496 [FXGL Background Thread 1 ] DEBUG GameScene            - Game scene initialized: 800x600
19:54:27.527 [FXGL Background Thread 1 ] DEBUG FXGL.DefaultMenu     - createMenuBodyGameMenu()
19:54:27.547 [FXGL Background Thread 1 ] DEBUG FXGL.DefaultMenu     - createOptionsMenu()
19:54:27.562 [FXGL Background Thread 1 ] DEBUG FXGLAssetLoaderServi - Loading from file system: jar:file:/C:/Users/oscar/.m2/repository/com/github/almasb/fxgl/21.1/fxgl-21.1.jar!/fxglassets/textures/particles/smoke.png
19:54:27.670 [FXGL Background Thread 1 ] DEBUG FXGLAssetLoaderServi - Loading from file system: jar:file:/C:/Users/oscar/.m2/repository/com/github/almasb/fxgl/21.1/fxgl-21.1.jar!/fxglassets/textures/particles/trace_horizontal.png
19:54:27.701 [FXGL Background Thread 1 ] DEBUG GameApplicationServi - Application scenes initialized
19:54:27.714 [FXGL Background Thread 1 ] DEBUG SystemBundleService  - Loading FXGL system data
19:54:27.730 [FXGL Background Thread 1 ] DEBUG FileSystemAccess     - Reading from: C:\Users\oscar\IdeaProjects\masmorra_TQS\system\fxgl.bundle
19:54:27.744 [FXGL Background Thread 1 ] DEBUG SystemBundleService  - Bundle FXGL: {}
19:54:27.744 [FXGL Background Thread 1 ] DEBUG UpdaterService       - Checking for updates
19:54:27.753 [FXGL Background Thread 4 ] DEBUG FXGLApplication      - Loading fonts
19:54:27.755 [FXGL Background Thread 4 ] DEBUG FXGLAssetLoaderServi - Loading from file system: jar:file:/C:/Users/oscar/.m2/repository/com/github/almasb/fxgl/21.1/fxgl-21.1.jar!/fxglassets/ui/fonts/VarelaRound-Regular.ttf
19:54:27.755 [FXGL Background Thread 1 ] DEBUG FXGLApplication      - Loading default localization
19:54:27.756 [FXGL Background Thread 1 ] DEBUG FXGLAssetLoaderServi - Loading from file system: jar:file:/C:/Users/oscar/.m2/repository/com/github/almasb/fxgl/21.1/fxgl-21.1.jar!/fxglassets/languages/english.lang
19:54:27.806 [FXGL Background Thread 1 ] INFO  FXGLApplication      - FXGL initialization took: 0,597 sec
19:54:27.808 [JavaFX Application Thread] DEBUG FXGLAssetLoaderServi - Loading from file system: jar:file:/C:/Users/oscar/.m2/repository/com/github/almasb/fxgl/21.1/fxgl-21.1.jar!/fxglassets/textures/fxgl_icon.png
19:54:27.829 [FXGL Background Thread 4 ] DEBUG FXGLAssetLoaderServi - Loading from file system: jar:file:/C:/Users/oscar/.m2/repository/com/github/almasb/fxgl/21.1/fxgl-21.1.jar!/fxglassets/ui/fonts/Abel-Regular.ttf
19:54:27.841 [JavaFX Application Thread] DEBUG FXGLAssetLoaderServi - Loading from file system: jar:file:/C:/Users/oscar/.m2/repository/com/github/almasb/fxgl/21.1/fxgl-21.1.jar!/fxglassets/textures/fxgl_default_cursor.png
19:54:27.845 [FXGL Background Thread 4 ] DEBUG FXGLAssetLoaderServi - Loading from file system: jar:file:/C:/Users/oscar/.m2/repository/com/github/almasb/fxgl/21.1/fxgl-21.1.jar!/fxglassets/ui/fonts/TerminalLandMono-Regular.otf
19:54:27.856 [JavaFX Application Thread] DEBUG Input                - Registered new binding: Screenshot - CTRL+8
19:54:27.857 [JavaFX Application Thread] DEBUG Input                - Registered new binding: System info dump - CTRL+9
19:54:27.857 [JavaFX Application Thread] DEBUG Input                - Registered new binding: Restart - CTRL+R
19:54:27.858 [JavaFX Application Thread] DEBUG Input                - Registered new binding: Toggle Debug Camera - CTRL+7
19:54:27.862 [JavaFX Application Thread] DEBUG LoopRunner           - Starting loop
19:54:27.862 [JavaFX Application Thread] DEBUG LoopRunner           - Initializing JavaFX AnimationTimerLoop
19:54:27.864 [FXGL Background Thread 4 ] DEBUG FXGLAssetLoaderServi - Loading from file system: jar:file:/C:/Users/oscar/.m2/repository/com/github/almasb/fxgl/21.1/fxgl-21.1.jar!/fxglassets/ui/fonts/Courier-Prime.ttf
19:54:27.864 [JavaFX Application Thread] DEBUG GameApplicationServi - Starting new game
19:54:27.865 [JavaFX Application Thread] DEBUG Input                - Clearing active input actions
19:54:27.879 [JavaFX Application Thread] DEBUG GameApplicationServi - Removing overlay from FXGLStartupScene and adding to FXGLLoadingScene
19:54:27.879 [JavaFX Application Thread] DEBUG PrimaryStageWindow   - FXGLStartupScene -> FXGLLoadingScene
19:54:27.880 [JavaFX Application Thread] DEBUG GameApplicationServi - Clearing previous game
19:54:27.880 [JavaFX Application Thread] DEBUG GameScene            - Clearing game scene
19:54:27.880 [JavaFX Application Thread] DEBUG GameWorld            - Clearing game world
19:54:27.880 [JavaFX Application Thread] DEBUG PhysicsWorld         - Clearing physics world
19:54:27.882 [FXGL Background Thread 1 ] DEBUG FXGLApplication      - Initializing game
19:54:27.884 [FXGL Background Thread 1 ] INFO  FXGLApplication      - Game initialization took: 0,002 sec
19:54:27.934 [JavaFX Application Thread] DEBUG FXGLApplication      - Registering font factories with UI factory
19:54:27.936 [JavaFX Application Thread] DEBUG Input                - Clearing active input actions
19:54:27.944 [JavaFX Application Thread] DEBUG GameApplicationServi - Removing overlay from FXGLLoadingScene and adding to GameScene
19:54:27.945 [JavaFX Application Thread] DEBUG PrimaryStageWindow   - FXGLLoadingScene -> GameScene
19:54:30.213 [JavaFX Application Thread] DEBUG FXGLApplication      - Exiting FXGL
19:54:30.213 [JavaFX Application Thread] DEBUG LoopRunner           - Stopping loop
19:54:30.214 [JavaFX Application Thread] DEBUG SystemBundleService  - Saving FXGL system data
19:54:30.221 [JavaFX Application Thread] DEBUG FileSystemAccess     - Writing to: C:\Users\oscar\IdeaProjects\masmorra_TQS\system\fxgl.bundle
19:54:30.227 [JavaFX Application Thread] DEBUG Async                - Shutting down background threads
19:54:30.228 [JavaFX Application Thread] DEBUG PrimaryStageWindow   - Closing main window
19:54:30.278 [JavaFX Application Thread] DEBUG Logger               - Closing Logger
